[2016-01-25 10:43:48 +0000] [20374] [INFO] Starting gunicorn 19.4.5
[2016-01-25 10:43:48 +0000] [20374] [INFO] Listening at: http://127.0.0.1:8000 (20374)
[2016-01-25 10:43:48 +0000] [20374] [INFO] Using worker: sync
[2016-01-25 10:43:48 +0000] [20377] [INFO] Booting worker with pid: 20377
[2016-01-25 10:43:48 +0000] [20379] [INFO] Booting worker with pid: 20379
[2016-01-25 10:43:48 +0000] [20381] [INFO] Booting worker with pid: 20381
[2016-01-25 10:43:56 +0000] [20381] [ERROR] Error handling request /user
Traceback (most recent call last):
  File "/home/ec2-user/project/ios1/IOS1/local/lib/python3.4/site-packages/gunicorn/workers/sync.py", line 130, in handle
    self.handle_request(listener, req, client, addr)
  File "/home/ec2-user/project/ios1/IOS1/local/lib/python3.4/site-packages/gunicorn/workers/sync.py", line 171, in handle_request
    respiter = self.wsgi(environ, resp.start_response)
  File "/home/ec2-user/project/ios1/ibuydeal/wsgi.py", line 5, in app
    body = response(environ)
  File "/home/ec2-user/project/ios1/ibuydeal/wsgi.py", line 16, in response
    dbtuple = model.User.get_feeds()
TypeError: get_feeds() missing 1 required positional argument: 'self'
[2016-01-25 10:43:58 +0000] [20381] [ERROR] Error handling request /user
Traceback (most recent call last):
  File "/home/ec2-user/project/ios1/IOS1/local/lib/python3.4/site-packages/gunicorn/workers/sync.py", line 130, in handle
    self.handle_request(listener, req, client, addr)
  File "/home/ec2-user/project/ios1/IOS1/local/lib/python3.4/site-packages/gunicorn/workers/sync.py", line 171, in handle_request
    respiter = self.wsgi(environ, resp.start_response)
  File "/home/ec2-user/project/ios1/ibuydeal/wsgi.py", line 5, in app
    body = response(environ)
  File "/home/ec2-user/project/ios1/ibuydeal/wsgi.py", line 16, in response
    dbtuple = model.User.get_feeds()
TypeError: get_feeds() missing 1 required positional argument: 'self'
[2016-01-25 10:45:17 +0000] [20377] [INFO] Worker reloading: /home/ec2-user/project/ios1/ibuydeal/wsgi.py modified
[2016-01-25 10:45:17 +0000] [20379] [INFO] Worker reloading: /home/ec2-user/project/ios1/ibuydeal/wsgi.py modified
[2016-01-25 10:45:17 +0000] [20377] [INFO] Worker exiting (pid: 20377)
[2016-01-25 10:45:17 +0000] [20396] [INFO] Booting worker with pid: 20396
[2016-01-25 10:45:17 +0000] [20379] [INFO] Worker exiting (pid: 20379)
[2016-01-25 10:45:17 +0000] [20381] [INFO] Worker reloading: /home/ec2-user/project/ios1/ibuydeal/wsgi.py modified
[2016-01-25 10:45:17 +0000] [20398] [INFO] Booting worker with pid: 20398
[2016-01-25 10:45:17 +0000] [20381] [INFO] Worker exiting (pid: 20381)
[2016-01-25 10:45:17 +0000] [20400] [INFO] Booting worker with pid: 20400
[2016-01-25 10:45:48 +0000] [20396] [INFO] Worker reloading: /home/ec2-user/project/ios1/ibuydeal/model.py modified
[2016-01-25 10:45:48 +0000] [20398] [INFO] Worker reloading: /home/ec2-user/project/ios1/ibuydeal/model.py modified
[2016-01-25 10:45:48 +0000] [20396] [INFO] Worker exiting (pid: 20396)
[2016-01-25 10:45:48 +0000] [20409] [INFO] Booting worker with pid: 20409
[2016-01-25 10:45:48 +0000] [20398] [INFO] Worker exiting (pid: 20398)
[2016-01-25 10:45:48 +0000] [20400] [INFO] Worker reloading: /home/ec2-user/project/ios1/ibuydeal/model.py modified
[2016-01-25 10:45:48 +0000] [20411] [INFO] Booting worker with pid: 20411
[2016-01-25 10:45:49 +0000] [20400] [INFO] Worker exiting (pid: 20400)
[2016-01-25 10:45:49 +0000] [20413] [INFO] Booting worker with pid: 20413
